<?xml version="1.0" encoding="UTF-8"?>
<coverage generated="1769081468372" clover="3.2.0">
  <project timestamp="1769081468372" name="All files">
    <metrics statements="22" coveredstatements="21" conditionals="4" coveredconditionals="3" methods="7" coveredmethods="7" elements="33" coveredelements="31" complexity="0" loc="22" ncloc="22" packages="2" files="3" classes="3"/>
    <package name="entities">
      <metrics statements="12" coveredstatements="12" conditionals="0" coveredconditionals="0" methods="5" coveredmethods="5"/>
      <file name="Livro.js" path="C:\Users\User\Documents\Adrian\BSI\ESWII\biblioteca-escolar\src\entities\Livro.js">
        <metrics statements="7" coveredstatements="7" conditionals="0" coveredconditionals="0" methods="3" coveredmethods="3"/>
        <line num="4" count="2" type="stmt"/>
        <line num="5" count="2" type="stmt"/>
        <line num="6" count="2" type="stmt"/>
        <line num="7" count="2" type="stmt"/>
        <line num="11" count="2" type="stmt"/>
        <line num="15" count="1" type="stmt"/>
        <line num="19" count="1" type="stmt"/>
      </file>
      <file name="Usuario.js" path="C:\Users\User\Documents\Adrian\BSI\ESWII\biblioteca-escolar\src\entities\Usuario.js">
        <metrics statements="5" coveredstatements="5" conditionals="0" coveredconditionals="0" methods="2" coveredmethods="2"/>
        <line num="4" count="2" type="stmt"/>
        <line num="5" count="2" type="stmt"/>
        <line num="6" count="2" type="stmt"/>
        <line num="10" count="2" type="stmt"/>
        <line num="14" count="1" type="stmt"/>
      </file>
    </package>
    <package name="services">
      <metrics statements="10" coveredstatements="9" conditionals="4" coveredconditionals="3" methods="2" coveredmethods="2"/>
      <file name="EmprestimoService.js" path="C:\Users\User\Documents\Adrian\BSI\ESWII\biblioteca-escolar\src\services\EmprestimoService.js">
        <metrics statements="10" coveredstatements="9" conditionals="4" coveredconditionals="3" methods="2" coveredmethods="2"/>
        <line num="4" count="2" type="stmt"/>
        <line num="5" count="2" type="stmt"/>
        <line num="9" count="2" type="cond" truecount="2" falsecount="0"/>
        <line num="10" count="1" type="stmt"/>
        <line num="13" count="1" type="cond" truecount="1" falsecount="1"/>
        <line num="14" count="0" type="stmt"/>
        <line num="17" count="1" type="stmt"/>
        <line num="18" count="1" type="stmt"/>
        <line num="20" count="1" type="stmt"/>
        <line num="27" count="1" type="stmt"/>
      </file>
    </package>
  </project>
</coverage>
